<?xml version="1.0" encoding="UTF-8"?>
<!-- Generated by org.testng.reporters.JUnitXMLReporter -->
<testsuite hostname="DESKTOP-KCF9LK9" ignored="0" name="Default test" tests="3" failures="0" timestamp="06 Jun 2020 08:42:48 GMT" time="22.808" errors="0">
  <testcase name="enableNetworkOnline" time="2.687" classname="networkCalls.developerTools"/>
  <testcase name="geoLocation" time="2.857" classname="networkCalls.developerTools"/>
  <testcase name="geoNetworkCalls" time="3.391" classname="networkCalls.developerTools"/>
</testsuite> <!-- Default test -->
