<?xml version="1.0" encoding="UTF-8"?>
<testng-results skipped="0" failed="0" ignored="0" total="0" passed="0">
  <reporter-output>
  </reporter-output>
  <suite name="SeleniumWithNewFeature.SeleniumWithNewFeature.AppTest" duration-ms="7" started-at="2020-06-04T11:20:22Z" finished-at="2020-06-04T11:20:22Z">
    <groups>
    </groups>
    <test name="Command line test" duration-ms="7" started-at="2020-06-04T11:20:22Z" finished-at="2020-06-04T11:20:22Z">
    </test> <!-- Command line test -->
  </suite> <!-- SeleniumWithNewFeature.SeleniumWithNewFeature.AppTest -->
</testng-results>
